{
  "code.js": {
    "path": "code.js",
    "s": {
      "1": 1,
      "2": 1,
      "3": 1,
      "4": 0,
      "5": 1
    },
    "b": {},
    "f": {
      "1": 1,
      "2": 0
    },
    "fnMap": {
      "1": {
        "name": "add",
        "line": 1,
        "loc": {
          "start": {
            "line": 1,
            "column": 0
          },
          "end": {
            "line": 1,
            "column": 20
          }
        }
      },
      "2": {
        "name": "sub",
        "line": 5,
        "loc": {
          "start": {
            "line": 5,
            "column": 0
          },
          "end": {
            "line": 5,
            "column": 20
          }
        }
      }
    },
    "statementMap": {
      "1": {
        "start": {
          "line": 1,
          "column": 0
        },
        "end": {
          "line": 3,
          "column": 1
        }
      },
      "2": {
        "start": {
          "line": 2,
          "column": 2
        },
        "end": {
          "line": 2,
          "column": 14
        }
      },
      "3": {
        "start": {
          "line": 5,
          "column": 0
        },
        "end": {
          "line": 7,
          "column": 1
        }
      },
      "4": {
        "start": {
          "line": 6,
          "column": 2
        },
        "end": {
          "line": 6,
          "column": 14
        }
      },
      "5": {
        "start": {
          "line": 9,
          "column": 0
        },
        "end": {
          "line": 9,
          "column": 31
        }
      }
    },
    "branchMap": {}
  }
}
